<?xml version="1.0" encoding="UTF-8"?>
<!-- Generated by org.testng.reporters.JUnitReportReporter -->
<testsuite hostname="DESKTOP-4V9GK1E" failures="0" tests="2" name="com.hrms.Utilty.Log" time="0.001" errors="0" timestamp="2021-06-23T16:10:11 IST" skipped="0">
  <testcase classname="com.hrms.Utilty.Log" name="delemp" time="0.000"/>
  <system-out/>
  <testcase classname="com.hrms.Utilty.Log" name="addemp" time="0.001"/>
  <system-out/>
</testsuite> <!-- com.hrms.Utilty.Log -->
