<?xml version="1.0" encoding="UTF-8"?>
<!-- Generated by org.testng.reporters.JUnitReportReporter -->
<testsuite hostname="DESKTOP-4V9GK1E" failures="0" tests="1" name="TestNG.Exp_Wd_TestNg" time="13.258" errors="0" timestamp="2021-06-23T16:10:11 IST" skipped="0">
  <testcase classname="TestNG.Exp_Wd_TestNg" name="tc001" time="13.258"/>
  <system-out>
    <![CDATA[Application opened
OrangeHRM
login completed
Logout completed]]>
  </system-out>
</testsuite> <!-- TestNG.Exp_Wd_TestNg -->
