<?xml version="1.0" encoding="UTF-8"?>
<!-- Generated by org.testng.reporters.JUnitReportReporter -->
<testsuite hostname="DESKTOP-4V9GK1E" failures="0" tests="2" name="TestNG.TC002" time="0.002" errors="0" timestamp="2021-06-23T16:10:11 IST" skipped="0">
  <testcase classname="TestNG.TC002" name="delemp" time="0.001"/>
  <system-out/>
  <testcase classname="TestNG.TC002" name="addemp" time="0.001"/>
  <system-out/>
</testsuite> <!-- TestNG.TC002 -->
