<?xml version="1.0" encoding="UTF-8"?>
<!-- Generated by org.testng.reporters.JUnitReportReporter -->
<testsuite hostname="DESKTOP-4V9GK1E" failures="0" tests="4" name="TestNG.NewTest" time="0.010" errors="0" timestamp="2021-06-23T16:10:11 IST" skipped="0">
  <testcase classname="TestNG.NewTest" name="Logout" time="0.008"/>
  <system-out/>
  <testcase classname="TestNG.NewTest" name="delemp" time="0.001"/>
  <system-out/>
  <testcase classname="TestNG.NewTest" name="login" time="0.000"/>
  <system-out/>
  <testcase classname="TestNG.NewTest" name="addemp" time="0.001"/>
  <system-out/>
</testsuite> <!-- TestNG.NewTest -->
